<?xml version="1.0" encoding="UTF-8"?>
<!-- Generated by org.testng.reporters.JUnitReportReporter -->
<testsuite hostname="LAPTOP-40EPTFGM" failures="0" tests="3" name="test.Day4" time="0.009" errors="0" timestamp="2021-08-03T15:29:28 IST" skipped="0">
  <testcase classname="test.Day4" name="mobileLoginHomeLoan" time="0.001"/>
  <system-out/>
  <testcase classname="test.Day4" name="webLoginHomeLoan" time="0.005"/>
  <system-out/>
  <testcase classname="test.Day4" name="loginAPIHomeLoan" time="0.003"/>
  <system-out/>
</testsuite> <!-- test.Day4 -->
