<?xml version="1.0" encoding="UTF-8"?>
<!-- Generated by org.testng.reporters.JUnitReportReporter -->
<testsuite hostname="LAPTOP-40EPTFGM" failures="0" tests="1" name="test.Day1" time="0.005" errors="0" timestamp="2021-08-03T15:29:28 IST" skipped="0">
  <testcase classname="test.Day1" name="demo" time="0.005"/>
  <system-out/>
</testsuite> <!-- test.Day1 -->
