<?xml version="1.0" encoding="UTF-8"?>
<!-- Generated by org.testng.reporters.JUnitReportReporter -->
<testsuite hostname="LAPTOP-40EPTFGM" failures="0" tests="6" name="test.Day3" time="0.012" errors="0" timestamp="2021-08-03T15:29:28 IST" skipped="0">
  <testcase classname="test.Day3" name="mobileSignInCarLoan" time="0.001"/>
  <system-out/>
  <testcase classname="test.Day3" name="mobileLoginCarLoan" time="0.001"/>
  <system-out/>
  <testcase classname="test.Day3" name="mobileLoginCarLoan" time="0.006"/>
  <system-out/>
  <testcase classname="test.Day3" name="mobileLoginCarLoan" time="0.002"/>
  <system-out/>
  <testcase classname="test.Day3" name="webLoginCarLoan" time="0.001"/>
  <system-out/>
  <testcase classname="test.Day3" name="mobileSignOutCarLoan" time="0.001"/>
  <system-out/>
</testsuite> <!-- test.Day3 -->
