<?xml version="1.0" encoding="UTF-8"?>
<!-- Generated by org.testng.reporters.JUnitReportReporter -->
<testsuite hostname="LAPTOP-40EPTFGM" failures="0" tests="2" name="test.Day2" time="0.009" errors="0" timestamp="2021-08-03T15:29:28 IST" skipped="0">
  <testcase classname="test.Day2" name="test" time="0.001"/>
  <system-out/>
  <testcase classname="test.Day2" name="ploan" time="0.008"/>
  <system-out/>
</testsuite> <!-- test.Day2 -->
